mode: set
github.com/UW-Info-441-Winter-Quarter-2020/homework-ziyuguo716/servers/gateway/models/users/user.go:54.37,63.16 2 1
github.com/UW-Info-441-Winter-Quarter-2020/homework-ziyuguo716/servers/gateway/models/users/user.go:66.2,66.26 1 1
github.com/UW-Info-441-Winter-Quarter-2020/homework-ziyuguo716/servers/gateway/models/users/user.go:69.2,69.36 1 1
github.com/UW-Info-441-Winter-Quarter-2020/homework-ziyuguo716/servers/gateway/models/users/user.go:72.2,72.23 1 1
github.com/UW-Info-441-Winter-Quarter-2020/homework-ziyuguo716/servers/gateway/models/users/user.go:75.2,75.40 1 1
github.com/UW-Info-441-Winter-Quarter-2020/homework-ziyuguo716/servers/gateway/models/users/user.go:78.2,78.12 1 1
github.com/UW-Info-441-Winter-Quarter-2020/homework-ziyuguo716/servers/gateway/models/users/user.go:63.16,65.3 1 1
github.com/UW-Info-441-Winter-Quarter-2020/homework-ziyuguo716/servers/gateway/models/users/user.go:66.26,68.3 1 1
github.com/UW-Info-441-Winter-Quarter-2020/homework-ziyuguo716/servers/gateway/models/users/user.go:69.36,71.3 1 1
github.com/UW-Info-441-Winter-Quarter-2020/homework-ziyuguo716/servers/gateway/models/users/user.go:72.23,74.3 1 1
github.com/UW-Info-441-Winter-Quarter-2020/homework-ziyuguo716/servers/gateway/models/users/user.go:75.40,77.3 1 1
github.com/UW-Info-441-Winter-Quarter-2020/homework-ziyuguo716/servers/gateway/models/users/user.go:83.44,99.16 2 1
github.com/UW-Info-441-Winter-Quarter-2020/homework-ziyuguo716/servers/gateway/models/users/user.go:102.2,114.17 5 1
github.com/UW-Info-441-Winter-Quarter-2020/homework-ziyuguo716/servers/gateway/models/users/user.go:117.2,117.18 1 1
github.com/UW-Info-441-Winter-Quarter-2020/homework-ziyuguo716/servers/gateway/models/users/user.go:99.16,101.3 1 0
github.com/UW-Info-441-Winter-Quarter-2020/homework-ziyuguo716/servers/gateway/models/users/user.go:114.17,116.3 1 0
github.com/UW-Info-441-Winter-Quarter-2020/homework-ziyuguo716/servers/gateway/models/users/user.go:125.34,127.43 1 1
github.com/UW-Info-441-Winter-Quarter-2020/homework-ziyuguo716/servers/gateway/models/users/user.go:130.2,130.33 1 1
github.com/UW-Info-441-Winter-Quarter-2020/homework-ziyuguo716/servers/gateway/models/users/user.go:127.43,129.3 1 1
github.com/UW-Info-441-Winter-Quarter-2020/homework-ziyuguo716/servers/gateway/models/users/user.go:134.51,138.16 2 1
github.com/UW-Info-441-Winter-Quarter-2020/homework-ziyuguo716/servers/gateway/models/users/user.go:141.2,142.12 2 1
github.com/UW-Info-441-Winter-Quarter-2020/homework-ziyuguo716/servers/gateway/models/users/user.go:138.16,140.3 1 0
github.com/UW-Info-441-Winter-Quarter-2020/homework-ziyuguo716/servers/gateway/models/users/user.go:147.52,152.16 2 1
github.com/UW-Info-441-Winter-Quarter-2020/homework-ziyuguo716/servers/gateway/models/users/user.go:155.2,155.12 1 1
github.com/UW-Info-441-Winter-Quarter-2020/homework-ziyuguo716/servers/gateway/models/users/user.go:152.16,154.3 1 1
github.com/UW-Info-441-Winter-Quarter-2020/homework-ziyuguo716/servers/gateway/models/users/user.go:160.53,163.55 1 1
github.com/UW-Info-441-Winter-Quarter-2020/homework-ziyuguo716/servers/gateway/models/users/user.go:166.2,168.12 3 1
github.com/UW-Info-441-Winter-Quarter-2020/homework-ziyuguo716/servers/gateway/models/users/user.go:163.55,165.3 1 1
